<?xml version="1.0" encoding="UTF-8"?>
<!-- Generated by org.testng.reporters.JUnitXMLReporter -->
<testsuite hostname="Afrinas-MacBook-Pro.local" ignored="0" name="MCT Smoke Test Cases" tests="4" failures="1" timestamp="2019-11-23T14:00:38 EST" time="31.151" errors="0">
  <testcase name="login" time="5.325" classname="myautoproject.testrunner.SmokeTestWithTestNG"/>
  <testcase name="logOut" time="9.67" classname="myautoproject.testrunner.SmokeTestWithTestNG"/>
  <testcase name="signUP" time="6.834" classname="myautoproject.testrunner.SmokeTestWithTestNG">
    <failure type="java.lang.AssertionError" message="Failed To FInd Proper Profile Name After Registration expected [MR ABC961] but found [NULL]">
      <![CDATA[java.lang.AssertionError: Failed To FInd Proper Profile Name After Registration expected [MR ABC961] but found [NULL]
at myautoproject.testrunner.SmokeTestWithTestNG.signUP(SmokeTestWithTestNG.java:62)
at java.util.ArrayList.forEach(ArrayList.java:1257)
... Removed 31 stack frames]]>
    </failure>
  </testcase> <!-- signUP -->
  <testcase name="myAccount" time="8.929" classname="myautoproject.testrunner.SmokeTestWithTestNG"/>
</testsuite> <!-- MCT Smoke Test Cases -->
